<?xml version="1.0" encoding="UTF-8"?>
<!-- Generated by org.testng.reporters.JUnitXMLReporter -->
<testsuite hostname="Babukongee" name="Default test" tests="3" failures="0" timestamp="3 Jan 2021 20:07:36 GMT" time="12.209" errors="0">
  <testcase name="test2_put_dd" time="6.857" classname="stepDefinition.APITest"/>
  <testcase name="test2_put_dd" time="0.532" classname="stepDefinition.APITest"/>
  <testcase name="test2_put_dd" time="0.41" classname="stepDefinition.APITest"/>
</testsuite> <!-- Default test -->
